[debug] [2025-06-18T10:33:25.317Z] ----------------------------------------------------------------------
[debug] [2025-06-18T10:33:25.325Z] Command:       C:\Program Files\nodejs\node.exe C:\Users\User\AppData\Roaming\npm\node_modules\firebase-tools\lib\bin\firebase.js emulators:start
[debug] [2025-06-18T10:33:25.326Z] CLI Version:   13.32.0
[debug] [2025-06-18T10:33:25.327Z] Platform:      win32
[debug] [2025-06-18T10:33:25.327Z] Node Version:  v22.14.0
[debug] [2025-06-18T10:33:25.337Z] Time:          Wed Jun 18 2025 18:33:25 GMT+0800 (China Standard Time)
[debug] [2025-06-18T10:33:25.338Z] ----------------------------------------------------------------------
[debug] 
[debug] [2025-06-18T10:33:25.358Z] >>> [apiv2][query] GET https://firebase-public.firebaseio.com/cli.json [none]
[debug] [2025-06-18T10:33:25.966Z] > command requires scopes: ["email","openid","https://www.googleapis.com/auth/cloudplatformprojects.readonly","https://www.googleapis.com/auth/firebase","https://www.googleapis.com/auth/cloud-platform"]
[debug] [2025-06-18T10:33:25.967Z] > authorizing via signed-in user (garciarollie827@gmail.com)
[debug] [2025-06-18T10:33:26.059Z] *** [apiv2] error from fetch(https://firebase-public.firebaseio.com/cli.json, {"headers":{},"method":"GET"}): FetchError: request to https://firebase-public.firebaseio.com/cli.json failed, reason: getaddrinfo ENOTFOUND firebase-public.firebaseio.com
[warn] !  Unable to fetch the CLI MOTD and remote config. This is not a fatal error, but may indicate an issue with your network connection. 
[debug] [2025-06-18T10:33:26.067Z] Failed to fetch MOTD FirebaseError: Failed to make request to https://firebase-public.firebaseio.com/cli.json
[debug] [2025-06-18T10:33:42.706Z] java version "24" 2025-03-18
Java(TM) SE Runtime Environment (build 24+36-3646)
Java HotSpot(TM) 64-Bit Server VM (build 24+36-3646, mixed mode, sharing)

[debug] [2025-06-18T10:33:45.240Z] Parsed Java major version: 24
[info] i  emulators: Starting emulators: auth, firestore, storage {"metadata":{"emulator":{"name":"hub"},"message":"Starting emulators: auth, firestore, storage"}}
[debug] [2025-06-18T10:33:45.640Z] [logging] Logging Emulator only supports listening on one address (127.0.0.1). Not listening on ::1
[debug] [2025-06-18T10:33:45.640Z] [auth] Authentication Emulator only supports listening on one address (127.0.0.1). Not listening on ::1
[debug] [2025-06-18T10:33:45.641Z] [firestore] Firestore Emulator only supports listening on one address (127.0.0.1). Not listening on ::1
[debug] [2025-06-18T10:33:45.641Z] [firestore.websocket] websocket server for firestore only supports listening on one address (127.0.0.1). Not listening on ::1
[debug] [2025-06-18T10:33:45.641Z] [storage] Storage Emulator only supports listening on one address (127.0.0.1). Not listening on ::1
[debug] [2025-06-18T10:33:45.642Z] assigned listening specs for emulators {"user":{"hub":[{"address":"127.0.0.1","family":"IPv4","port":4400},{"address":"::1","family":"IPv6","port":4400}],"ui":[{"address":"127.0.0.1","family":"IPv4","port":4000},{"address":"::1","family":"IPv6","port":4000}],"logging":[{"address":"127.0.0.1","family":"IPv4","port":4500}],"auth":[{"address":"127.0.0.1","family":"IPv4","port":9099}],"firestore":[{"address":"127.0.0.1","family":"IPv4","port":8080}],"firestore.websocket":[{"address":"127.0.0.1","family":"IPv4","port":9150}],"storage":[{"address":"127.0.0.1","family":"IPv4","port":9199}]},"metadata":{"message":"assigned listening specs for emulators"}}
[debug] [2025-06-18T10:33:45.656Z] [hub] writing locator at C:\Users\User\AppData\Local\Temp\hub-prototypes-88893.json
[debug] [2025-06-18T10:33:45.745Z] Ignoring unsupported arg: auto_download {"metadata":{"emulator":{"name":"firestore"},"message":"Ignoring unsupported arg: auto_download"}}
[debug] [2025-06-18T10:33:45.746Z] Ignoring unsupported arg: single_project_mode_error {"metadata":{"emulator":{"name":"firestore"},"message":"Ignoring unsupported arg: single_project_mode_error"}}
[debug] [2025-06-18T10:33:45.746Z] Starting Firestore Emulator with command {"binary":"java","args":["-Dgoogle.cloud_firestore.debug_log_level=FINE","-Duser.language=en","-jar","C:\\Users\\User\\.cache\\firebase\\emulators\\cloud-firestore-emulator-v1.19.8.jar","--host","127.0.0.1","--port",8080,"--websocket_port",9150,"--project_id","prototypes-88893","--rules","D:\\Prog Projects\\Siso\\siso\\firestore.rules","--single_project_mode",true],"optionalArgs":["port","webchannel_port","host","rules","websocket_port","functions_emulator","seed_from_export","project_id","single_project_mode"],"joinArgs":false,"shell":false,"port":8080} {"metadata":{"emulator":{"name":"firestore"},"message":"Starting Firestore Emulator with command {\"binary\":\"java\",\"args\":[\"-Dgoogle.cloud_firestore.debug_log_level=FINE\",\"-Duser.language=en\",\"-jar\",\"C:\\\\Users\\\\User\\\\.cache\\\\firebase\\\\emulators\\\\cloud-firestore-emulator-v1.19.8.jar\",\"--host\",\"127.0.0.1\",\"--port\",8080,\"--websocket_port\",9150,\"--project_id\",\"prototypes-88893\",\"--rules\",\"D:\\\\Prog Projects\\\\Siso\\\\siso\\\\firestore.rules\",\"--single_project_mode\",true],\"optionalArgs\":[\"port\",\"webchannel_port\",\"host\",\"rules\",\"websocket_port\",\"functions_emulator\",\"seed_from_export\",\"project_id\",\"single_project_mode\"],\"joinArgs\":false,\"shell\":false,\"port\":8080}"}}
[info] i  firestore: Firestore Emulator logging to firestore-debug.log {"metadata":{"emulator":{"name":"firestore"},"message":"Firestore Emulator logging to \u001b[1mfirestore-debug.log\u001b[22m"}}
[info] +  firestore: Firestore Emulator UI websocket is running on 9150. {"metadata":{"emulator":{"name":"firestore"},"message":"Firestore Emulator UI websocket is running on 9150."}}
[debug] [2025-06-18T10:34:31.812Z] Ignoring unsupported arg: port {"metadata":{"emulator":{"name":"storage"},"message":"Ignoring unsupported arg: port"}}
[warn] !  Unexpected rules runtime error: WARNING: A terminally deprecated method in sun.misc.Unsafe has been called
WARNING: sun.misc.Unsafe::arrayBaseOffset has been called by com.google.protobuf.UnsafeUtil$MemoryAccessor (file:/C:/Users/User/.cache/firebase/emulators/cloud-storage-rules-runtime-v1.1.3.jar)
WARNING: Please consider reporting this to the maintainers of class com.google.protobuf.UnsafeUtil$MemoryAccessor
WARNING: sun.misc.Unsafe::arrayBaseOffset will be removed in a future release
 {"metadata":{"emulator":{"name":"storage"},"message":"Unexpected rules runtime error: WARNING: A terminally deprecated method in sun.misc.Unsafe has been called\nWARNING: sun.misc.Unsafe::arrayBaseOffset has been called by com.google.protobuf.UnsafeUtil$MemoryAccessor (file:/C:/Users/User/.cache/firebase/emulators/cloud-storage-rules-runtime-v1.1.3.jar)\nWARNING: Please consider reporting this to the maintainers of class com.google.protobuf.UnsafeUtil$MemoryAccessor\nWARNING: sun.misc.Unsafe::arrayBaseOffset will be removed in a future release\r\n"}}
[debug] [2025-06-18T10:34:40.590Z] Temp file directory for storage emulator: C:\Users\User\AppData\Local\Temp/firebase/storage/blobs {"metadata":{"emulator":{"name":"storage"},"message":"Temp file directory for storage emulator: C:\\Users\\User\\AppData\\Local\\Temp/firebase/storage/blobs"}}
[debug] [2025-06-18T10:34:40.652Z] Could not find VSCode notification endpoint: FetchError: request to http://localhost:40001/vscode/notify failed, reason: . If you are not running the Firebase Data Connect VSCode extension, this is expected and not an issue.
[info] 
┌─────────────────────────────────────────────────────────────┐
│ ✔  All emulators ready! It is now safe to connect your app. │
│ i  View Emulator UI at http://127.0.0.1:4000/               │
└─────────────────────────────────────────────────────────────┘

┌────────────────┬────────────────┬─────────────────────────────────┐
│ Emulator       │ Host:Port      │ View in Emulator UI             │
├────────────────┼────────────────┼─────────────────────────────────┤
│ Authentication │ 127.0.0.1:9099 │ http://127.0.0.1:4000/auth      │
├────────────────┼────────────────┼─────────────────────────────────┤
│ Firestore      │ 127.0.0.1:8080 │ http://127.0.0.1:4000/firestore │
├────────────────┼────────────────┼─────────────────────────────────┤
│ Storage        │ 127.0.0.1:9199 │ http://127.0.0.1:4000/storage   │
└────────────────┴────────────────┴─────────────────────────────────┘
  Emulator Hub host: 127.0.0.1 port: 4400
  Other reserved ports: 4500, 9150

Issues? Report them at https://github.com/firebase/firebase-tools/issues and attach the *-debug.log files.
 
[warn] !  firestore: Fatal error occurred: 
   Firestore Emulator has exited with code: 3221225786, 
   stopping all running emulators {"metadata":{"emulator":{"name":"firestore"},"message":"Fatal error occurred: \n   Firestore Emulator has exited with code: 3221225786, \n   stopping all running emulators"}}
[info] i  ui: Stopping Emulator UI {"metadata":{"emulator":{"name":"ui"},"message":"Stopping Emulator UI"}}
[debug] [2025-06-18T12:43:56.647Z] Error: write EPIPE
    at afterWriteDispatched (node:internal/stream_base_commons:159:15)
    at writeGeneric (node:internal/stream_base_commons:150:3)
    at Socket._writeGeneric (node:net:971:11)
    at Socket._write (node:net:983:8)
    at writeOrBuffer (node:internal/streams/writable:572:12)
    at _write (node:internal/streams/writable:501:10)
    at Writable.write (node:internal/streams/writable:510:10)
    at Console.log (C:\Users\User\AppData\Roaming\npm\node_modules\firebase-tools\node_modules\winston\lib\winston\transports\console.js:87:23)
    at Console._write (C:\Users\User\AppData\Roaming\npm\node_modules\firebase-tools\node_modules\winston-transport\modern.js:103:17)
    at doWrite (C:\Users\User\AppData\Roaming\npm\node_modules\firebase-tools\node_modules\winston-transport\node_modules\readable-stream\lib\_stream_writable.js:390:139)
[error] 
[error] Error: An unexpected error has occurred.
[debug] [2025-06-18T12:43:56.656Z] Error: write EPIPE
    at afterWriteDispatched (node:internal/stream_base_commons:159:15)
    at writeGeneric (node:internal/stream_base_commons:150:3)
    at Socket._writeGeneric (node:net:971:11)
    at Socket._write (node:net:983:8)
    at writeOrBuffer (node:internal/streams/writable:572:12)
    at _write (node:internal/streams/writable:501:10)
    at Writable.write (node:internal/streams/writable:510:10)
    at Console.log (C:\Users\User\AppData\Roaming\npm\node_modules\firebase-tools\node_modules\winston\lib\winston\transports\console.js:87:23)
    at Console._write (C:\Users\User\AppData\Roaming\npm\node_modules\firebase-tools\node_modules\winston-transport\modern.js:103:17)
    at doWrite (C:\Users\User\AppData\Roaming\npm\node_modules\firebase-tools\node_modules\winston-transport\node_modules\readable-stream\lib\_stream_writable.js:390:139)
[error] 
[error] Error: An unexpected error has occurred.
[debug] [2025-06-18T12:43:56.662Z] Error: write EPIPE
    at afterWriteDispatched (node:internal/stream_base_commons:159:15)
    at writeGeneric (node:internal/stream_base_commons:150:3)
    at Socket._writeGeneric (node:net:971:11)
    at Socket._write (node:net:983:8)
    at writeOrBuffer (node:internal/streams/writable:572:12)
    at _write (node:internal/streams/writable:501:10)
    at Writable.write (node:internal/streams/writable:510:10)
    at Console.log (C:\Users\User\AppData\Roaming\npm\node_modules\firebase-tools\node_modules\winston\lib\winston\transports\console.js:87:23)
    at Console._write (C:\Users\User\AppData\Roaming\npm\node_modules\firebase-tools\node_modules\winston-transport\modern.js:103:17)
    at doWrite (C:\Users\User\AppData\Roaming\npm\node_modules\firebase-tools\node_modules\winston-transport\node_modules\readable-stream\lib\_stream_writable.js:390:139)
[error] 
[error] Error: An unexpected error has occurred.
[debug] [2025-06-18T12:43:56.663Z] Error: write EPIPE
    at afterWriteDispatched (node:internal/stream_base_commons:159:15)
    at writeGeneric (node:internal/stream_base_commons:150:3)
    at Socket._writeGeneric (node:net:971:11)
    at Socket._write (node:net:983:8)
    at writeOrBuffer (node:internal/streams/writable:572:12)
    at _write (node:internal/streams/writable:501:10)
    at Writable.write (node:internal/streams/writable:510:10)
    at Console.log (C:\Users\User\AppData\Roaming\npm\node_modules\firebase-tools\node_modules\winston\lib\winston\transports\console.js:87:23)
    at Console._write (C:\Users\User\AppData\Roaming\npm\node_modules\firebase-tools\node_modules\winston-transport\modern.js:103:17)
    at doWrite (C:\Users\User\AppData\Roaming\npm\node_modules\firebase-tools\node_modules\winston-transport\node_modules\readable-stream\lib\_stream_writable.js:390:139)
[error] 
[error] Error: An unexpected error has occurred.
[debug] [2025-06-18T12:43:56.667Z] Error: write EPIPE
    at afterWriteDispatched (node:internal/stream_base_commons:159:15)
    at writeGeneric (node:internal/stream_base_commons:150:3)
    at Socket._writeGeneric (node:net:971:11)
    at Socket._write (node:net:983:8)
    at writeOrBuffer (node:internal/streams/writable:572:12)
    at _write (node:internal/streams/writable:501:10)
    at Writable.write (node:internal/streams/writable:510:10)
    at Console.log (C:\Users\User\AppData\Roaming\npm\node_modules\firebase-tools\node_modules\winston\lib\winston\transports\console.js:87:23)
    at Console._write (C:\Users\User\AppData\Roaming\npm\node_modules\firebase-tools\node_modules\winston-transport\modern.js:103:17)
    at doWrite (C:\Users\User\AppData\Roaming\npm\node_modules\firebase-tools\node_modules\winston-transport\node_modules\readable-stream\lib\_stream_writable.js:390:139)
[error] 
[error] Error: An unexpected error has occurred.
[debug] [2025-06-18T12:43:56.668Z] Error: write EPIPE
    at afterWriteDispatched (node:internal/stream_base_commons:159:15)
    at writeGeneric (node:internal/stream_base_commons:150:3)
    at Socket._writeGeneric (node:net:971:11)
    at Socket._write (node:net:983:8)
    at writeOrBuffer (node:internal/streams/writable:572:12)
    at _write (node:internal/streams/writable:501:10)
    at Writable.write (node:internal/streams/writable:510:10)
    at Console.log (C:\Users\User\AppData\Roaming\npm\node_modules\firebase-tools\node_modules\winston\lib\winston\transports\console.js:87:23)
    at Console._write (C:\Users\User\AppData\Roaming\npm\node_modules\firebase-tools\node_modules\winston-transport\modern.js:103:17)
    at doWrite (C:\Users\User\AppData\Roaming\npm\node_modules\firebase-tools\node_modules\winston-transport\node_modules\readable-stream\lib\_stream_writable.js:390:139)
[error] 
[error] Error: An unexpected error has occurred.
[debug] [2025-06-18T12:43:56.669Z] Error: write EPIPE
    at afterWriteDispatched (node:internal/stream_base_commons:159:15)
    at writeGeneric (node:internal/stream_base_commons:150:3)
    at Socket._writeGeneric (node:net:971:11)
    at Socket._write (node:net:983:8)
    at writeOrBuffer (node:internal/streams/writable:572:12)
    at _write (node:internal/streams/writable:501:10)
    at Writable.write (node:internal/streams/writable:510:10)
    at Console.log (C:\Users\User\AppData\Roaming\npm\node_modules\firebase-tools\node_modules\winston\lib\winston\transports\console.js:87:23)
    at Console._write (C:\Users\User\AppData\Roaming\npm\node_modules\firebase-tools\node_modules\winston-transport\modern.js:103:17)
    at doWrite (C:\Users\User\AppData\Roaming\npm\node_modules\firebase-tools\node_modules\winston-transport\node_modules\readable-stream\lib\_stream_writable.js:390:139)
[error] 
[error] Error: An unexpected error has occurred.
[debug] [2025-06-18T12:43:56.670Z] Error: write EPIPE
    at afterWriteDispatched (node:internal/stream_base_commons:159:15)
    at writeGeneric (node:internal/stream_base_commons:150:3)
    at Socket._writeGeneric (node:net:971:11)
    at Socket._write (node:net:983:8)
    at writeOrBuffer (node:internal/streams/writable:572:12)
    at _write (node:internal/streams/writable:501:10)
    at Writable.write (node:internal/streams/writable:510:10)
    at Console.log (C:\Users\User\AppData\Roaming\npm\node_modules\firebase-tools\node_modules\winston\lib\winston\transports\console.js:87:23)
    at Console._write (C:\Users\User\AppData\Roaming\npm\node_modules\firebase-tools\node_modules\winston-transport\modern.js:103:17)
    at doWrite (C:\Users\User\AppData\Roaming\npm\node_modules\firebase-tools\node_modules\winston-transport\node_modules\readable-stream\lib\_stream_writable.js:390:139)
[error] 
[error] Error: An unexpected error has occurred.
[debug] [2025-06-18T12:43:56.673Z] Error: write EPIPE
    at afterWriteDispatched (node:internal/stream_base_commons:159:15)
    at writeGeneric (node:internal/stream_base_commons:150:3)
    at Socket._writeGeneric (node:net:971:11)
    at Socket._write (node:net:983:8)
    at writeOrBuffer (node:internal/streams/writable:572:12)
    at _write (node:internal/streams/writable:501:10)
    at Writable.write (node:internal/streams/writable:510:10)
    at Console.log (C:\Users\User\AppData\Roaming\npm\node_modules\firebase-tools\node_modules\winston\lib\winston\transports\console.js:87:23)
    at Console._write (C:\Users\User\AppData\Roaming\npm\node_modules\firebase-tools\node_modules\winston-transport\modern.js:103:17)
    at doWrite (C:\Users\User\AppData\Roaming\npm\node_modules\firebase-tools\node_modules\winston-transport\node_modules\readable-stream\lib\_stream_writable.js:390:139)
[error] 
[error] Error: An unexpected error has occurred.
[debug] [2025-06-18T12:43:56.674Z] Error: write EPIPE
    at afterWriteDispatched (node:internal/stream_base_commons:159:15)
    at writeGeneric (node:internal/stream_base_commons:150:3)
    at Socket._writeGeneric (node:net:971:11)
    at Socket._write (node:net:983:8)
    at writeOrBuffer (node:internal/streams/writable:572:12)
    at _write (node:internal/streams/writable:501:10)
    at Writable.write (node:internal/streams/writable:510:10)
    at Console.log (C:\Users\User\AppData\Roaming\npm\node_modules\firebase-tools\node_modules\winston\lib\winston\transports\console.js:87:23)
    at Console._write (C:\Users\User\AppData\Roaming\npm\node_modules\firebase-tools\node_modules\winston-transport\modern.js:103:17)
    at doWrite (C:\Users\User\AppData\Roaming\npm\node_modules\firebase-tools\node_modules\winston-transport\node_modules\readable-stream\lib\_stream_writable.js:390:139)
[error] 
[error] Error: An unexpected error has occurred.
[debug] [2025-06-18T12:43:56.675Z] Error: write EPIPE
    at afterWriteDispatched (node:internal/stream_base_commons:159:15)
    at writeGeneric (node:internal/stream_base_commons:150:3)
    at Socket._writeGeneric (node:net:971:11)
    at Socket._write (node:net:983:8)
    at writeOrBuffer (node:internal/streams/writable:572:12)
    at _write (node:internal/streams/writable:501:10)
    at Writable.write (node:internal/streams/writable:510:10)
    at Console.log (C:\Users\User\AppData\Roaming\npm\node_modules\firebase-tools\node_modules\winston\lib\winston\transports\console.js:87:23)
    at Console._write (C:\Users\User\AppData\Roaming\npm\node_modules\firebase-tools\node_modules\winston-transport\modern.js:103:17)
    at doWrite (C:\Users\User\AppData\Roaming\npm\node_modules\firebase-tools\node_modules\winston-transport\node_modules\readable-stream\lib\_stream_writable.js:390:139)
[error] 
[error] Error: An unexpected error has occurred.
[debug] [2025-06-18T12:43:56.678Z] Error: write EPIPE
    at afterWriteDispatched (node:internal/stream_base_commons:159:15)
    at writeGeneric (node:internal/stream_base_commons:150:3)
    at Socket._writeGeneric (node:net:971:11)
    at Socket._write (node:net:983:8)
    at writeOrBuffer (node:internal/streams/writable:572:12)
    at _write (node:internal/streams/writable:501:10)
    at Writable.write (node:internal/streams/writable:510:10)
    at Console.log (C:\Users\User\AppData\Roaming\npm\node_modules\firebase-tools\node_modules\winston\lib\winston\transports\console.js:87:23)
    at Console._write (C:\Users\User\AppData\Roaming\npm\node_modules\firebase-tools\node_modules\winston-transport\modern.js:103:17)
    at doWrite (C:\Users\User\AppData\Roaming\npm\node_modules\firebase-tools\node_modules\winston-transport\node_modules\readable-stream\lib\_stream_writable.js:390:139)
[error] 
[error] Error: An unexpected error has occurred.
[debug] [2025-06-18T12:43:56.680Z] Error: write EPIPE
    at afterWriteDispatched (node:internal/stream_base_commons:159:15)
    at writeGeneric (node:internal/stream_base_commons:150:3)
    at Socket._writeGeneric (node:net:971:11)
    at Socket._write (node:net:983:8)
    at writeOrBuffer (node:internal/streams/writable:572:12)
    at _write (node:internal/streams/writable:501:10)
    at Writable.write (node:internal/streams/writable:510:10)
    at Console.log (C:\Users\User\AppData\Roaming\npm\node_modules\firebase-tools\node_modules\winston\lib\winston\transports\console.js:87:23)
    at Console._write (C:\Users\User\AppData\Roaming\npm\node_modules\firebase-tools\node_modules\winston-transport\modern.js:103:17)
    at doWrite (C:\Users\User\AppData\Roaming\npm\node_modules\firebase-tools\node_modules\winston-transport\node_modules\readable-stream\lib\_stream_writable.js:390:139)
[error] 
[error] Error: An unexpected error has occurred.
[debug] [2025-06-18T12:43:56.681Z] Error: write EPIPE
    at afterWriteDispatched (node:internal/stream_base_commons:159:15)
    at writeGeneric (node:internal/stream_base_commons:150:3)
    at Socket._writeGeneric (node:net:971:11)
    at Socket._write (node:net:983:8)
    at writeOrBuffer (node:internal/streams/writable:572:12)
    at _write (node:internal/streams/writable:501:10)
    at Writable.write (node:internal/streams/writable:510:10)
    at Console.log (C:\Users\User\AppData\Roaming\npm\node_modules\firebase-tools\node_modules\winston\lib\winston\transports\console.js:87:23)
    at Console._write (C:\Users\User\AppData\Roaming\npm\node_modules\firebase-tools\node_modules\winston-transport\modern.js:103:17)
    at doWrite (C:\Users\User\AppData\Roaming\npm\node_modules\firebase-tools\node_modules\winston-transport\node_modules\readable-stream\lib\_stream_writable.js:390:139)
[error] 
[error] Error: An unexpected error has occurred.
[debug] [2025-06-18T12:43:56.681Z] Error: write EPIPE
    at afterWriteDispatched (node:internal/stream_base_commons:159:15)
    at writeGeneric (node:internal/stream_base_commons:150:3)
    at Socket._writeGeneric (node:net:971:11)
    at Socket._write (node:net:983:8)
    at writeOrBuffer (node:internal/streams/writable:572:12)
    at _write (node:internal/streams/writable:501:10)
    at Writable.write (node:internal/streams/writable:510:10)
    at Console.log (C:\Users\User\AppData\Roaming\npm\node_modules\firebase-tools\node_modules\winston\lib\winston\transports\console.js:87:23)
    at Console._write (C:\Users\User\AppData\Roaming\npm\node_modules\firebase-tools\node_modules\winston-transport\modern.js:103:17)
    at doWrite (C:\Users\User\AppData\Roaming\npm\node_modules\firebase-tools\node_modules\winston-transport\node_modules\readable-stream\lib\_stream_writable.js:390:139)
[error] 
[error] Error: An unexpected error has occurred.
[debug] [2025-06-18T12:43:56.682Z] Error: write EPIPE
    at afterWriteDispatched (node:internal/stream_base_commons:159:15)
    at writeGeneric (node:internal/stream_base_commons:150:3)
    at Socket._writeGeneric (node:net:971:11)
    at Socket._write (node:net:983:8)
    at writeOrBuffer (node:internal/streams/writable:572:12)
    at _write (node:internal/streams/writable:501:10)
    at Writable.write (node:internal/streams/writable:510:10)
    at Console.log (C:\Users\User\AppData\Roaming\npm\node_modules\firebase-tools\node_modules\winston\lib\winston\transports\console.js:87:23)
    at Console._write (C:\Users\User\AppData\Roaming\npm\node_modules\firebase-tools\node_modules\winston-transport\modern.js:103:17)
    at doWrite (C:\Users\User\AppData\Roaming\npm\node_modules\firebase-tools\node_modules\winston-transport\node_modules\readable-stream\lib\_stream_writable.js:390:139)
[error] 
[error] Error: An unexpected error has occurred.
[debug] [2025-06-18T12:43:56.684Z] Error: write EPIPE
    at afterWriteDispatched (node:internal/stream_base_commons:159:15)
    at writeGeneric (node:internal/stream_base_commons:150:3)
    at Socket._writeGeneric (node:net:971:11)
    at Socket._write (node:net:983:8)
    at writeOrBuffer (node:internal/streams/writable:572:12)
    at _write (node:internal/streams/writable:501:10)
    at Writable.write (node:internal/streams/writable:510:10)
    at Console.log (C:\Users\User\AppData\Roaming\npm\node_modules\firebase-tools\node_modules\winston\lib\winston\transports\console.js:87:23)
    at Console._write (C:\Users\User\AppData\Roaming\npm\node_modules\firebase-tools\node_modules\winston-transport\modern.js:103:17)
    at doWrite (C:\Users\User\AppData\Roaming\npm\node_modules\firebase-tools\node_modules\winston-transport\node_modules\readable-stream\lib\_stream_writable.js:390:139)
[error] 
[error] Error: An unexpected error has occurred.
[debug] [2025-06-18T12:43:56.691Z] Error: write EPIPE
    at afterWriteDispatched (node:internal/stream_base_commons:159:15)
    at writeGeneric (node:internal/stream_base_commons:150:3)
    at Socket._writeGeneric (node:net:971:11)
    at Socket._write (node:net:983:8)
    at writeOrBuffer (node:internal/streams/writable:572:12)
    at _write (node:internal/streams/writable:501:10)
    at Writable.write (node:internal/streams/writable:510:10)
    at Console.log (C:\Users\User\AppData\Roaming\npm\node_modules\firebase-tools\node_modules\winston\lib\winston\transports\console.js:87:23)
    at Console._write (C:\Users\User\AppData\Roaming\npm\node_modules\firebase-tools\node_modules\winston-transport\modern.js:103:17)
    at doWrite (C:\Users\User\AppData\Roaming\npm\node_modules\firebase-tools\node_modules\winston-transport\node_modules\readable-stream\lib\_stream_writable.js:390:139)
[error] 
[error] Error: An unexpected error has occurred.
[debug] [2025-06-18T12:43:56.699Z] Error: write EPIPE
    at afterWriteDispatched (node:internal/stream_base_commons:159:15)
    at writeGeneric (node:internal/stream_base_commons:150:3)
    at Socket._writeGeneric (node:net:971:11)
    at Socket._write (node:net:983:8)
    at writeOrBuffer (node:internal/streams/writable:572:12)
    at _write (node:internal/streams/writable:501:10)
    at Writable.write (node:internal/streams/writable:510:10)
    at Console.log (C:\Users\User\AppData\Roaming\npm\node_modules\firebase-tools\node_modules\winston\lib\winston\transports\console.js:87:23)
    at Console._write (C:\Users\User\AppData\Roaming\npm\node_modules\firebase-tools\node_modules\winston-transport\modern.js:103:17)
    at doWrite (C:\Users\User\AppData\Roaming\npm\node_modules\firebase-tools\node_modules\winston-transport\node_modules\readable-stream\lib\_stream_writable.js:390:139)
[error] 
[error] Error: An unexpected error has occurred.
[debug] [2025-06-18T12:43:56.701Z] Error: write EPIPE
    at afterWriteDispatched (node:internal/stream_base_commons:159:15)
    at writeGeneric (node:internal/stream_base_commons:150:3)
    at Socket._writeGeneric (node:net:971:11)
    at Socket._write (node:net:983:8)
    at writeOrBuffer (node:internal/streams/writable:572:12)
    at _write (node:internal/streams/writable:501:10)
    at Writable.write (node:internal/streams/writable:510:10)
    at Console.log (C:\Users\User\AppData\Roaming\npm\node_modules\firebase-tools\node_modules\winston\lib\winston\transports\console.js:87:23)
    at Console._write (C:\Users\User\AppData\Roaming\npm\node_modules\firebase-tools\node_modules\winston-transport\modern.js:103:17)
    at doWrite (C:\Users\User\AppData\Roaming\npm\node_modules\firebase-tools\node_modules\winston-transport\node_modules\readable-stream\lib\_stream_writable.js:390:139)
[error] 
[error] Error: An unexpected error has occurred.
[debug] [2025-06-18T12:43:56.703Z] Error: write EPIPE
    at afterWriteDispatched (node:internal/stream_base_commons:159:15)
    at writeGeneric (node:internal/stream_base_commons:150:3)
    at Socket._writeGeneric (node:net:971:11)
    at Socket._write (node:net:983:8)
    at writeOrBuffer (node:internal/streams/writable:572:12)
    at _write (node:internal/streams/writable:501:10)
    at Writable.write (node:internal/streams/writable:510:10)
    at Console.log (C:\Users\User\AppData\Roaming\npm\node_modules\firebase-tools\node_modules\winston\lib\winston\transports\console.js:87:23)
    at Console._write (C:\Users\User\AppData\Roaming\npm\node_modules\firebase-tools\node_modules\winston-transport\modern.js:103:17)
    at doWrite (C:\Users\User\AppData\Roaming\npm\node_modules\firebase-tools\node_modules\winston-transport\node_modules\readable-stream\lib\_stream_writable.js:390:139)
[error] 
[error] Error: An unexpected error has occurred.
[debug] [2025-06-18T12:43:56.726Z] Error: write EPIPE
    at afterWriteDispatched (node:internal/stream_base_commons:159:15)
    at writeGeneric (node:internal/stream_base_commons:150:3)
    at Socket._writeGeneric (node:net:971:11)
    at Socket._write (node:net:983:8)
    at writeOrBuffer (node:internal/streams/writable:572:12)
    at _write (node:internal/streams/writable:501:10)
    at Writable.write (node:internal/streams/writable:510:10)
    at Console.log (C:\Users\User\AppData\Roaming\npm\node_modules\firebase-tools\node_modules\winston\lib\winston\transports\console.js:87:23)
    at Console._write (C:\Users\User\AppData\Roaming\npm\node_modules\firebase-tools\node_modules\winston-transport\modern.js:103:17)
    at doWrite (C:\Users\User\AppData\Roaming\npm\node_modules\firebase-tools\node_modules\winston-transport\node_modules\readable-stream\lib\_stream_writable.js:390:139)
[error] 
[error] Error: An unexpected error has occurred.
[debug] [2025-06-18T12:43:56.727Z] Error: write EPIPE
    at afterWriteDispatched (node:internal/stream_base_commons:159:15)
    at writeGeneric (node:internal/stream_base_commons:150:3)
    at Socket._writeGeneric (node:net:971:11)
    at Socket._write (node:net:983:8)
    at writeOrBuffer (node:internal/streams/writable:572:12)
    at _write (node:internal/streams/writable:501:10)
    at Writable.write (node:internal/streams/writable:510:10)
    at Console.log (C:\Users\User\AppData\Roaming\npm\node_modules\firebase-tools\node_modules\winston\lib\winston\transports\console.js:87:23)
    at Console._write (C:\Users\User\AppData\Roaming\npm\node_modules\firebase-tools\node_modules\winston-transport\modern.js:103:17)
    at doWrite (C:\Users\User\AppData\Roaming\npm\node_modules\firebase-tools\node_modules\winston-transport\node_modules\readable-stream\lib\_stream_writable.js:390:139)
[error] 
[error] Error: An unexpected error has occurred.
[debug] [2025-06-18T12:43:56.729Z] Error: write EPIPE
    at afterWriteDispatched (node:internal/stream_base_commons:159:15)
    at writeGeneric (node:internal/stream_base_commons:150:3)
    at Socket._writeGeneric (node:net:971:11)
    at Socket._write (node:net:983:8)
    at writeOrBuffer (node:internal/streams/writable:572:12)
    at _write (node:internal/streams/writable:501:10)
    at Writable.write (node:internal/streams/writable:510:10)
    at Console.log (C:\Users\User\AppData\Roaming\npm\node_modules\firebase-tools\node_modules\winston\lib\winston\transports\console.js:87:23)
    at Console._write (C:\Users\User\AppData\Roaming\npm\node_modules\firebase-tools\node_modules\winston-transport\modern.js:103:17)
    at doWrite (C:\Users\User\AppData\Roaming\npm\node_modules\firebase-tools\node_modules\winston-transport\node_modules\readable-stream\lib\_stream_writable.js:390:139)
[error] 
[error] Error: An unexpected error has occurred.
[debug] [2025-06-18T12:43:56.733Z] Error: write EPIPE
    at afterWriteDispatched (node:internal/stream_base_commons:159:15)
    at writeGeneric (node:internal/stream_base_commons:150:3)
    at Socket._writeGeneric (node:net:971:11)
    at Socket._write (node:net:983:8)
    at writeOrBuffer (node:internal/streams/writable:572:12)
    at _write (node:internal/streams/writable:501:10)
    at Writable.write (node:internal/streams/writable:510:10)
    at Console.log (C:\Users\User\AppData\Roaming\npm\node_modules\firebase-tools\node_modules\winston\lib\winston\transports\console.js:87:23)
    at Console._write (C:\Users\User\AppData\Roaming\npm\node_modules\firebase-tools\node_modules\winston-transport\modern.js:103:17)
    at doWrite (C:\Users\User\AppData\Roaming\npm\node_modules\firebase-tools\node_modules\winston-transport\node_modules\readable-stream\lib\_stream_writable.js:390:139)
[error] 
[error] Error: An unexpected error has occurred.
[debug] [2025-06-18T12:43:56.739Z] Error: write EPIPE
    at afterWriteDispatched (node:internal/stream_base_commons:159:15)
    at writeGeneric (node:internal/stream_base_commons:150:3)
    at Socket._writeGeneric (node:net:971:11)
    at Socket._write (node:net:983:8)
    at writeOrBuffer (node:internal/streams/writable:572:12)
    at _write (node:internal/streams/writable:501:10)
    at Writable.write (node:internal/streams/writable:510:10)
    at Console.log (C:\Users\User\AppData\Roaming\npm\node_modules\firebase-tools\node_modules\winston\lib\winston\transports\console.js:87:23)
    at Console._write (C:\Users\User\AppData\Roaming\npm\node_modules\firebase-tools\node_modules\winston-transport\modern.js:103:17)
    at doWrite (C:\Users\User\AppData\Roaming\npm\node_modules\firebase-tools\node_modules\winston-transport\node_modules\readable-stream\lib\_stream_writable.js:390:139)
[error] 
[error] Error: An unexpected error has occurred.
[debug] [2025-06-18T12:43:56.740Z] Error: write EPIPE
    at afterWriteDispatched (node:internal/stream_base_commons:159:15)
    at writeGeneric (node:internal/stream_base_commons:150:3)
    at Socket._writeGeneric (node:net:971:11)
    at Socket._write (node:net:983:8)
    at writeOrBuffer (node:internal/streams/writable:572:12)
    at _write (node:internal/streams/writable:501:10)
    at Writable.write (node:internal/streams/writable:510:10)
    at Console.log (C:\Users\User\AppData\Roaming\npm\node_modules\firebase-tools\node_modules\winston\lib\winston\transports\console.js:87:23)
    at Console._write (C:\Users\User\AppData\Roaming\npm\node_modules\firebase-tools\node_modules\winston-transport\modern.js:103:17)
    at doWrite (C:\Users\User\AppData\Roaming\npm\node_modules\firebase-tools\node_modules\winston-transport\node_modules\readable-stream\lib\_stream_writable.js:390:139)
[error] 
[error] Error: An unexpected error has occurred.
[debug] [2025-06-18T12:43:56.741Z] Error: write EPIPE
    at afterWriteDispatched (node:internal/stream_base_commons:159:15)
    at writeGeneric (node:internal/stream_base_commons:150:3)
    at Socket._writeGeneric (node:net:971:11)
    at Socket._write (node:net:983:8)
    at writeOrBuffer (node:internal/streams/writable:572:12)
    at _write (node:internal/streams/writable:501:10)
    at Writable.write (node:internal/streams/writable:510:10)
    at Console.log (C:\Users\User\AppData\Roaming\npm\node_modules\firebase-tools\node_modules\winston\lib\winston\transports\console.js:87:23)
    at Console._write (C:\Users\User\AppData\Roaming\npm\node_modules\firebase-tools\node_modules\winston-transport\modern.js:103:17)
    at doWrite (C:\Users\User\AppData\Roaming\npm\node_modules\firebase-tools\node_modules\winston-transport\node_modules\readable-stream\lib\_stream_writable.js:390:139)
[error] 
[error] Error: An unexpected error has occurred.
[debug] [2025-06-18T12:43:56.742Z] Error: write EPIPE
    at afterWriteDispatched (node:internal/stream_base_commons:159:15)
    at writeGeneric (node:internal/stream_base_commons:150:3)
    at Socket._writeGeneric (node:net:971:11)
    at Socket._write (node:net:983:8)
    at writeOrBuffer (node:internal/streams/writable:572:12)
    at _write (node:internal/streams/writable:501:10)
    at Writable.write (node:internal/streams/writable:510:10)
    at Console.log (C:\Users\User\AppData\Roaming\npm\node_modules\firebase-tools\node_modules\winston\lib\winston\transports\console.js:87:23)
    at Console._write (C:\Users\User\AppData\Roaming\npm\node_modules\firebase-tools\node_modules\winston-transport\modern.js:103:17)
    at doWrite (C:\Users\User\AppData\Roaming\npm\node_modules\firebase-tools\node_modules\winston-transport\node_modules\readable-stream\lib\_stream_writable.js:390:139)
[error] 
[error] Error: An unexpected error has occurred.
[debug] [2025-06-18T12:43:56.742Z] Error: write EPIPE
    at afterWriteDispatched (node:internal/stream_base_commons:159:15)
    at writeGeneric (node:internal/stream_base_commons:150:3)
    at Socket._writeGeneric (node:net:971:11)
    at Socket._write (node:net:983:8)
    at writeOrBuffer (node:internal/streams/writable:572:12)
    at _write (node:internal/streams/writable:501:10)
    at Writable.write (node:internal/streams/writable:510:10)
    at Console.log (C:\Users\User\AppData\Roaming\npm\node_modules\firebase-tools\node_modules\winston\lib\winston\transports\console.js:87:23)
    at Console._write (C:\Users\User\AppData\Roaming\npm\node_modules\firebase-tools\node_modules\winston-transport\modern.js:103:17)
    at doWrite (C:\Users\User\AppData\Roaming\npm\node_modules\firebase-tools\node_modules\winston-transport\node_modules\readable-stream\lib\_stream_writable.js:390:139)
[error] 
[error] Error: An unexpected error has occurred.
[debug] [2025-06-18T12:43:56.743Z] Error: write EPIPE
    at afterWriteDispatched (node:internal/stream_base_commons:159:15)
    at writeGeneric (node:internal/stream_base_commons:150:3)
    at Socket._writeGeneric (node:net:971:11)
    at Socket._write (node:net:983:8)
    at writeOrBuffer (node:internal/streams/writable:572:12)
    at _write (node:internal/streams/writable:501:10)
    at Writable.write (node:internal/streams/writable:510:10)
    at Console.log (C:\Users\User\AppData\Roaming\npm\node_modules\firebase-tools\node_modules\winston\lib\winston\transports\console.js:87:23)
    at Console._write (C:\Users\User\AppData\Roaming\npm\node_modules\firebase-tools\node_modules\winston-transport\modern.js:103:17)
    at doWrite (C:\Users\User\AppData\Roaming\npm\node_modules\firebase-tools\node_modules\winston-transport\node_modules\readable-stream\lib\_stream_writable.js:390:139)
[error] 
[error] Error: An unexpected error has occurred.
[debug] [2025-06-18T12:43:56.744Z] Error: write EPIPE
    at afterWriteDispatched (node:internal/stream_base_commons:159:15)
    at writeGeneric (node:internal/stream_base_commons:150:3)
    at Socket._writeGeneric (node:net:971:11)
    at Socket._write (node:net:983:8)
    at writeOrBuffer (node:internal/streams/writable:572:12)
    at _write (node:internal/streams/writable:501:10)
    at Writable.write (node:internal/streams/writable:510:10)
    at Console.log (C:\Users\User\AppData\Roaming\npm\node_modules\firebase-tools\node_modules\winston\lib\winston\transports\console.js:87:23)
    at Console._write (C:\Users\User\AppData\Roaming\npm\node_modules\firebase-tools\node_modules\winston-transport\modern.js:103:17)
    at doWrite (C:\Users\User\AppData\Roaming\npm\node_modules\firebase-tools\node_modules\winston-transport\node_modules\readable-stream\lib\_stream_writable.js:390:139)
[error] 
[error] Error: An unexpected error has occurred.
[debug] [2025-06-18T12:43:56.746Z] Error: write EPIPE
    at afterWriteDispatched (node:internal/stream_base_commons:159:15)
    at writeGeneric (node:internal/stream_base_commons:150:3)
    at Socket._writeGeneric (node:net:971:11)
    at Socket._write (node:net:983:8)
    at writeOrBuffer (node:internal/streams/writable:572:12)
    at _write (node:internal/streams/writable:501:10)
    at Writable.write (node:internal/streams/writable:510:10)
    at Console.log (C:\Users\User\AppData\Roaming\npm\node_modules\firebase-tools\node_modules\winston\lib\winston\transports\console.js:87:23)
    at Console._write (C:\Users\User\AppData\Roaming\npm\node_modules\firebase-tools\node_modules\winston-transport\modern.js:103:17)
    at doWrite (C:\Users\User\AppData\Roaming\npm\node_modules\firebase-tools\node_modules\winston-transport\node_modules\readable-stream\lib\_stream_writable.js:390:139)
[error] 
[error] Error: An unexpected error has occurred.
[debug] [2025-06-18T12:43:56.747Z] Error: write EPIPE
    at afterWriteDispatched (node:internal/stream_base_commons:159:15)
    at writeGeneric (node:internal/stream_base_commons:150:3)
    at Socket._writeGeneric (node:net:971:11)
    at Socket._write (node:net:983:8)
    at writeOrBuffer (node:internal/streams/writable:572:12)
    at _write (node:internal/streams/writable:501:10)
    at Writable.write (node:internal/streams/writable:510:10)
    at Console.log (C:\Users\User\AppData\Roaming\npm\node_modules\firebase-tools\node_modules\winston\lib\winston\transports\console.js:87:23)
    at Console._write (C:\Users\User\AppData\Roaming\npm\node_modules\firebase-tools\node_modules\winston-transport\modern.js:103:17)
    at doWrite (C:\Users\User\AppData\Roaming\npm\node_modules\firebase-tools\node_modules\winston-transport\node_modules\readable-stream\lib\_stream_writable.js:390:139)
[error] 
[error] Error: An unexpected error has occurred.
[debug] [2025-06-18T12:43:56.749Z] Error: write EPIPE
    at afterWriteDispatched (node:internal/stream_base_commons:159:15)
    at writeGeneric (node:internal/stream_base_commons:150:3)
    at Socket._writeGeneric (node:net:971:11)
    at Socket._write (node:net:983:8)
    at writeOrBuffer (node:internal/streams/writable:572:12)
    at _write (node:internal/streams/writable:501:10)
    at Writable.write (node:internal/streams/writable:510:10)
    at Console.log (C:\Users\User\AppData\Roaming\npm\node_modules\firebase-tools\node_modules\winston\lib\winston\transports\console.js:87:23)
    at Console._write (C:\Users\User\AppData\Roaming\npm\node_modules\firebase-tools\node_modules\winston-transport\modern.js:103:17)
    at doWrite (C:\Users\User\AppData\Roaming\npm\node_modules\firebase-tools\node_modules\winston-transport\node_modules\readable-stream\lib\_stream_writable.js:390:139)
[debug] [2025-06-19T02:58:07.073Z] ----------------------------------------------------------------------
[debug] [2025-06-19T02:58:07.079Z] Command:       C:\Program Files\nodejs\node.exe C:\Users\User\AppData\Roaming\npm\node_modules\firebase-tools\lib\bin\firebase.js emulators:start
[debug] [2025-06-19T02:58:07.080Z] CLI Version:   13.32.0
[debug] [2025-06-19T02:58:07.080Z] Platform:      win32
[debug] [2025-06-19T02:58:07.080Z] Node Version:  v22.14.0
[debug] [2025-06-19T02:58:07.082Z] Time:          Thu Jun 19 2025 10:58:07 GMT+0800 (China Standard Time)
[debug] [2025-06-19T02:58:07.083Z] ----------------------------------------------------------------------
[debug] 
[debug] [2025-06-19T02:58:07.090Z] >>> [apiv2][query] GET https://firebase-public.firebaseio.com/cli.json [none]
[debug] [2025-06-19T02:58:07.786Z] > command requires scopes: ["email","openid","https://www.googleapis.com/auth/cloudplatformprojects.readonly","https://www.googleapis.com/auth/firebase","https://www.googleapis.com/auth/cloud-platform"]
[debug] [2025-06-19T02:58:07.786Z] > authorizing via signed-in user (garciarollie827@gmail.com)
[debug] [2025-06-19T02:58:07.891Z] *** [apiv2] error from fetch(https://firebase-public.firebaseio.com/cli.json, {"headers":{},"method":"GET"}): FetchError: request to https://firebase-public.firebaseio.com/cli.json failed, reason: getaddrinfo ENOTFOUND firebase-public.firebaseio.com
[warn] !  Unable to fetch the CLI MOTD and remote config. This is not a fatal error, but may indicate an issue with your network connection. 
[debug] [2025-06-19T02:58:07.903Z] Failed to fetch MOTD FirebaseError: Failed to make request to https://firebase-public.firebaseio.com/cli.json
[debug] [2025-06-19T02:58:09.555Z] java version "24" 2025-03-18
Java(TM) SE Runtime Environment (build 24+36-3646)
Java HotSpot(TM) 64-Bit Server VM (build 24+36-3646, mixed mode, sharing)

[debug] [2025-06-19T02:58:11.745Z] Parsed Java major version: 24
[info] i  emulators: Starting emulators: auth, firestore, storage {"metadata":{"emulator":{"name":"hub"},"message":"Starting emulators: auth, firestore, storage"}}
[debug] [2025-06-19T02:58:11.848Z] [logging] Logging Emulator only supports listening on one address (127.0.0.1). Not listening on ::1
[debug] [2025-06-19T02:58:11.849Z] [auth] Authentication Emulator only supports listening on one address (127.0.0.1). Not listening on ::1
[debug] [2025-06-19T02:58:11.849Z] [firestore] Firestore Emulator only supports listening on one address (127.0.0.1). Not listening on ::1
[debug] [2025-06-19T02:58:11.849Z] [firestore.websocket] websocket server for firestore only supports listening on one address (127.0.0.1). Not listening on ::1
[debug] [2025-06-19T02:58:11.850Z] [storage] Storage Emulator only supports listening on one address (127.0.0.1). Not listening on ::1
[debug] [2025-06-19T02:58:11.850Z] assigned listening specs for emulators {"user":{"hub":[{"address":"127.0.0.1","family":"IPv4","port":4400},{"address":"::1","family":"IPv6","port":4400}],"ui":[{"address":"127.0.0.1","family":"IPv4","port":4000},{"address":"::1","family":"IPv6","port":4000}],"logging":[{"address":"127.0.0.1","family":"IPv4","port":4500}],"auth":[{"address":"127.0.0.1","family":"IPv4","port":9099}],"firestore":[{"address":"127.0.0.1","family":"IPv4","port":8080}],"firestore.websocket":[{"address":"127.0.0.1","family":"IPv4","port":9150}],"storage":[{"address":"127.0.0.1","family":"IPv4","port":9199}]},"metadata":{"message":"assigned listening specs for emulators"}}
[warn] !  emulators: It seems that you are running multiple instances of the emulator suite for project prototypes-88893. This may result in unexpected behavior. 
[debug] [2025-06-19T02:58:11.867Z] [hub] writing locator at C:\Users\User\AppData\Local\Temp\hub-prototypes-88893.json
[debug] [2025-06-19T02:58:11.896Z] Ignoring unsupported arg: auto_download {"metadata":{"emulator":{"name":"firestore"},"message":"Ignoring unsupported arg: auto_download"}}
[debug] [2025-06-19T02:58:11.896Z] Ignoring unsupported arg: single_project_mode_error {"metadata":{"emulator":{"name":"firestore"},"message":"Ignoring unsupported arg: single_project_mode_error"}}
[debug] [2025-06-19T02:58:11.897Z] Starting Firestore Emulator with command {"binary":"java","args":["-Dgoogle.cloud_firestore.debug_log_level=FINE","-Duser.language=en","-jar","C:\\Users\\User\\.cache\\firebase\\emulators\\cloud-firestore-emulator-v1.19.8.jar","--host","127.0.0.1","--port",8080,"--websocket_port",9150,"--project_id","prototypes-88893","--rules","D:\\Prog Projects\\Siso\\siso\\firestore.rules","--single_project_mode",true],"optionalArgs":["port","webchannel_port","host","rules","websocket_port","functions_emulator","seed_from_export","project_id","single_project_mode"],"joinArgs":false,"shell":false,"port":8080} {"metadata":{"emulator":{"name":"firestore"},"message":"Starting Firestore Emulator with command {\"binary\":\"java\",\"args\":[\"-Dgoogle.cloud_firestore.debug_log_level=FINE\",\"-Duser.language=en\",\"-jar\",\"C:\\\\Users\\\\User\\\\.cache\\\\firebase\\\\emulators\\\\cloud-firestore-emulator-v1.19.8.jar\",\"--host\",\"127.0.0.1\",\"--port\",8080,\"--websocket_port\",9150,\"--project_id\",\"prototypes-88893\",\"--rules\",\"D:\\\\Prog Projects\\\\Siso\\\\siso\\\\firestore.rules\",\"--single_project_mode\",true],\"optionalArgs\":[\"port\",\"webchannel_port\",\"host\",\"rules\",\"websocket_port\",\"functions_emulator\",\"seed_from_export\",\"project_id\",\"single_project_mode\"],\"joinArgs\":false,\"shell\":false,\"port\":8080}"}}
[info] i  firestore: Firestore Emulator logging to firestore-debug.log {"metadata":{"emulator":{"name":"firestore"},"message":"Firestore Emulator logging to \u001b[1mfirestore-debug.log\u001b[22m"}}
[info] +  firestore: Firestore Emulator UI websocket is running on 9150. {"metadata":{"emulator":{"name":"firestore"},"message":"Firestore Emulator UI websocket is running on 9150."}}
[debug] [2025-06-19T02:58:54.232Z] Ignoring unsupported arg: port {"metadata":{"emulator":{"name":"storage"},"message":"Ignoring unsupported arg: port"}}
[warn] !  Unexpected rules runtime error: WARNING: A terminally deprecated method in sun.misc.Unsafe has been called
WARNING: sun.misc.Unsafe::arrayBaseOffset has been called by com.google.protobuf.UnsafeUtil$MemoryAccessor (file:/C:/Users/User/.cache/firebase/emulators/cloud-storage-rules-runtime-v1.1.3.jar)
WARNING: Please consider reporting this to the maintainers of class com.google.protobuf.UnsafeUtil$MemoryAccessor
WARNING: sun.misc.Unsafe::arrayBaseOffset will be removed in a future release
 {"metadata":{"emulator":{"name":"storage"},"message":"Unexpected rules runtime error: WARNING: A terminally deprecated method in sun.misc.Unsafe has been called\nWARNING: sun.misc.Unsafe::arrayBaseOffset has been called by com.google.protobuf.UnsafeUtil$MemoryAccessor (file:/C:/Users/User/.cache/firebase/emulators/cloud-storage-rules-runtime-v1.1.3.jar)\nWARNING: Please consider reporting this to the maintainers of class com.google.protobuf.UnsafeUtil$MemoryAccessor\nWARNING: sun.misc.Unsafe::arrayBaseOffset will be removed in a future release\r\n"}}
[debug] [2025-06-19T02:59:02.288Z] Temp file directory for storage emulator: C:\Users\User\AppData\Local\Temp/firebase/storage/blobs {"metadata":{"emulator":{"name":"storage"},"message":"Temp file directory for storage emulator: C:\\Users\\User\\AppData\\Local\\Temp/firebase/storage/blobs"}}
[debug] [2025-06-19T02:59:02.355Z] Could not find VSCode notification endpoint: FetchError: request to http://localhost:40001/vscode/notify failed, reason: . If you are not running the Firebase Data Connect VSCode extension, this is expected and not an issue.
[info] 
┌─────────────────────────────────────────────────────────────┐
│ ✔  All emulators ready! It is now safe to connect your app. │
│ i  View Emulator UI at http://127.0.0.1:4000/               │
└─────────────────────────────────────────────────────────────┘

┌────────────────┬────────────────┬─────────────────────────────────┐
│ Emulator       │ Host:Port      │ View in Emulator UI             │
├────────────────┼────────────────┼─────────────────────────────────┤
│ Authentication │ 127.0.0.1:9099 │ http://127.0.0.1:4000/auth      │
├────────────────┼────────────────┼─────────────────────────────────┤
│ Firestore      │ 127.0.0.1:8080 │ http://127.0.0.1:4000/firestore │
├────────────────┼────────────────┼─────────────────────────────────┤
│ Storage        │ 127.0.0.1:9199 │ http://127.0.0.1:4000/storage   │
└────────────────┴────────────────┴─────────────────────────────────┘
  Emulator Hub host: 127.0.0.1 port: 4400
  Other reserved ports: 4500, 9150

Issues? Report them at https://github.com/firebase/firebase-tools/issues and attach the *-debug.log files.
 
[warn] !  firestore: Fatal error occurred: 
   Firestore Emulator has exited with code: 3221225786, 
   stopping all running emulators {"metadata":{"emulator":{"name":"firestore"},"message":"Fatal error occurred: \n   Firestore Emulator has exited with code: 3221225786, \n   stopping all running emulators"}}
[info] i  ui: Stopping Emulator UI {"metadata":{"emulator":{"name":"ui"},"message":"Stopping Emulator UI"}}
[debug] [2025-06-19T03:01:44.047Z] Error: write EPIPE
    at afterWriteDispatched (node:internal/stream_base_commons:159:15)
    at writeGeneric (node:internal/stream_base_commons:150:3)
    at Socket._writeGeneric (node:net:971:11)
    at Socket._write (node:net:983:8)
    at writeOrBuffer (node:internal/streams/writable:572:12)
    at _write (node:internal/streams/writable:501:10)
    at Writable.write (node:internal/streams/writable:510:10)
    at Console.log (C:\Users\User\AppData\Roaming\npm\node_modules\firebase-tools\node_modules\winston\lib\winston\transports\console.js:87:23)
    at Console._write (C:\Users\User\AppData\Roaming\npm\node_modules\firebase-tools\node_modules\winston-transport\modern.js:103:17)
    at doWrite (C:\Users\User\AppData\Roaming\npm\node_modules\firebase-tools\node_modules\winston-transport\node_modules\readable-stream\lib\_stream_writable.js:390:139)
[error] 
[error] Error: An unexpected error has occurred.
[debug] [2025-06-19T03:01:44.053Z] Error: write EPIPE
    at afterWriteDispatched (node:internal/stream_base_commons:159:15)
    at writeGeneric (node:internal/stream_base_commons:150:3)
    at Socket._writeGeneric (node:net:971:11)
    at Socket._write (node:net:983:8)
    at writeOrBuffer (node:internal/streams/writable:572:12)
    at _write (node:internal/streams/writable:501:10)
    at Writable.write (node:internal/streams/writable:510:10)
    at Console.log (C:\Users\User\AppData\Roaming\npm\node_modules\firebase-tools\node_modules\winston\lib\winston\transports\console.js:87:23)
    at Console._write (C:\Users\User\AppData\Roaming\npm\node_modules\firebase-tools\node_modules\winston-transport\modern.js:103:17)
    at doWrite (C:\Users\User\AppData\Roaming\npm\node_modules\firebase-tools\node_modules\winston-transport\node_modules\readable-stream\lib\_stream_writable.js:390:139)
[error] 
[error] Error: An unexpected error has occurred.
[debug] [2025-06-19T03:01:44.057Z] Error: write EPIPE
    at afterWriteDispatched (node:internal/stream_base_commons:159:15)
    at writeGeneric (node:internal/stream_base_commons:150:3)
    at Socket._writeGeneric (node:net:971:11)
    at Socket._write (node:net:983:8)
    at writeOrBuffer (node:internal/streams/writable:572:12)
    at _write (node:internal/streams/writable:501:10)
    at Writable.write (node:internal/streams/writable:510:10)
    at Console.log (C:\Users\User\AppData\Roaming\npm\node_modules\firebase-tools\node_modules\winston\lib\winston\transports\console.js:87:23)
    at Console._write (C:\Users\User\AppData\Roaming\npm\node_modules\firebase-tools\node_modules\winston-transport\modern.js:103:17)
    at doWrite (C:\Users\User\AppData\Roaming\npm\node_modules\firebase-tools\node_modules\winston-transport\node_modules\readable-stream\lib\_stream_writable.js:390:139)
[error] 
[error] Error: An unexpected error has occurred.
[debug] [2025-06-19T03:01:44.060Z] Error: write EPIPE
    at afterWriteDispatched (node:internal/stream_base_commons:159:15)
    at writeGeneric (node:internal/stream_base_commons:150:3)
    at Socket._writeGeneric (node:net:971:11)
    at Socket._write (node:net:983:8)
    at writeOrBuffer (node:internal/streams/writable:572:12)
    at _write (node:internal/streams/writable:501:10)
    at Writable.write (node:internal/streams/writable:510:10)
    at Console.log (C:\Users\User\AppData\Roaming\npm\node_modules\firebase-tools\node_modules\winston\lib\winston\transports\console.js:87:23)
    at Console._write (C:\Users\User\AppData\Roaming\npm\node_modules\firebase-tools\node_modules\winston-transport\modern.js:103:17)
    at doWrite (C:\Users\User\AppData\Roaming\npm\node_modules\firebase-tools\node_modules\winston-transport\node_modules\readable-stream\lib\_stream_writable.js:390:139)
[error] 
[error] Error: An unexpected error has occurred.
[debug] [2025-06-19T03:01:44.061Z] Error: write EPIPE
    at afterWriteDispatched (node:internal/stream_base_commons:159:15)
    at writeGeneric (node:internal/stream_base_commons:150:3)
    at Socket._writeGeneric (node:net:971:11)
    at Socket._write (node:net:983:8)
    at writeOrBuffer (node:internal/streams/writable:572:12)
    at _write (node:internal/streams/writable:501:10)
    at Writable.write (node:internal/streams/writable:510:10)
    at Console.log (C:\Users\User\AppData\Roaming\npm\node_modules\firebase-tools\node_modules\winston\lib\winston\transports\console.js:87:23)
    at Console._write (C:\Users\User\AppData\Roaming\npm\node_modules\firebase-tools\node_modules\winston-transport\modern.js:103:17)
    at doWrite (C:\Users\User\AppData\Roaming\npm\node_modules\firebase-tools\node_modules\winston-transport\node_modules\readable-stream\lib\_stream_writable.js:390:139)
[error] 
[error] Error: An unexpected error has occurred.
[debug] [2025-06-19T03:01:44.063Z] Error: write EPIPE
    at afterWriteDispatched (node:internal/stream_base_commons:159:15)
    at writeGeneric (node:internal/stream_base_commons:150:3)
    at Socket._writeGeneric (node:net:971:11)
    at Socket._write (node:net:983:8)
    at writeOrBuffer (node:internal/streams/writable:572:12)
    at _write (node:internal/streams/writable:501:10)
    at Writable.write (node:internal/streams/writable:510:10)
    at Console.log (C:\Users\User\AppData\Roaming\npm\node_modules\firebase-tools\node_modules\winston\lib\winston\transports\console.js:87:23)
    at Console._write (C:\Users\User\AppData\Roaming\npm\node_modules\firebase-tools\node_modules\winston-transport\modern.js:103:17)
    at doWrite (C:\Users\User\AppData\Roaming\npm\node_modules\firebase-tools\node_modules\winston-transport\node_modules\readable-stream\lib\_stream_writable.js:390:139)
[error] 
[error] Error: An unexpected error has occurred.
[debug] [2025-06-19T03:01:44.065Z] Error: write EPIPE
    at afterWriteDispatched (node:internal/stream_base_commons:159:15)
    at writeGeneric (node:internal/stream_base_commons:150:3)
    at Socket._writeGeneric (node:net:971:11)
    at Socket._write (node:net:983:8)
    at writeOrBuffer (node:internal/streams/writable:572:12)
    at _write (node:internal/streams/writable:501:10)
    at Writable.write (node:internal/streams/writable:510:10)
    at Console.log (C:\Users\User\AppData\Roaming\npm\node_modules\firebase-tools\node_modules\winston\lib\winston\transports\console.js:87:23)
    at Console._write (C:\Users\User\AppData\Roaming\npm\node_modules\firebase-tools\node_modules\winston-transport\modern.js:103:17)
    at doWrite (C:\Users\User\AppData\Roaming\npm\node_modules\firebase-tools\node_modules\winston-transport\node_modules\readable-stream\lib\_stream_writable.js:390:139)
[error] 
[error] Error: An unexpected error has occurred.
[debug] [2025-06-19T03:01:44.066Z] Error: write EPIPE
    at afterWriteDispatched (node:internal/stream_base_commons:159:15)
    at writeGeneric (node:internal/stream_base_commons:150:3)
    at Socket._writeGeneric (node:net:971:11)
    at Socket._write (node:net:983:8)
    at writeOrBuffer (node:internal/streams/writable:572:12)
    at _write (node:internal/streams/writable:501:10)
    at Writable.write (node:internal/streams/writable:510:10)
    at Console.log (C:\Users\User\AppData\Roaming\npm\node_modules\firebase-tools\node_modules\winston\lib\winston\transports\console.js:87:23)
    at Console._write (C:\Users\User\AppData\Roaming\npm\node_modules\firebase-tools\node_modules\winston-transport\modern.js:103:17)
    at doWrite (C:\Users\User\AppData\Roaming\npm\node_modules\firebase-tools\node_modules\winston-transport\node_modules\readable-stream\lib\_stream_writable.js:390:139)
[error] 
[error] Error: An unexpected error has occurred.
[debug] [2025-06-19T03:01:44.067Z] Error: write EPIPE
    at afterWriteDispatched (node:internal/stream_base_commons:159:15)
    at writeGeneric (node:internal/stream_base_commons:150:3)
    at Socket._writeGeneric (node:net:971:11)
    at Socket._write (node:net:983:8)
    at writeOrBuffer (node:internal/streams/writable:572:12)
    at _write (node:internal/streams/writable:501:10)
    at Writable.write (node:internal/streams/writable:510:10)
    at Console.log (C:\Users\User\AppData\Roaming\npm\node_modules\firebase-tools\node_modules\winston\lib\winston\transports\console.js:87:23)
    at Console._write (C:\Users\User\AppData\Roaming\npm\node_modules\firebase-tools\node_modules\winston-transport\modern.js:103:17)
    at doWrite (C:\Users\User\AppData\Roaming\npm\node_modules\firebase-tools\node_modules\winston-transport\node_modules\readable-stream\lib\_stream_writable.js:390:139)
[error] 
[error] Error: An unexpected error has occurred.
[debug] [2025-06-19T03:01:44.070Z] Error: write EPIPE
    at afterWriteDispatched (node:internal/stream_base_commons:159:15)
    at writeGeneric (node:internal/stream_base_commons:150:3)
    at Socket._writeGeneric (node:net:971:11)
    at Socket._write (node:net:983:8)
    at writeOrBuffer (node:internal/streams/writable:572:12)
    at _write (node:internal/streams/writable:501:10)
    at Writable.write (node:internal/streams/writable:510:10)
    at Console.log (C:\Users\User\AppData\Roaming\npm\node_modules\firebase-tools\node_modules\winston\lib\winston\transports\console.js:87:23)
    at Console._write (C:\Users\User\AppData\Roaming\npm\node_modules\firebase-tools\node_modules\winston-transport\modern.js:103:17)
    at doWrite (C:\Users\User\AppData\Roaming\npm\node_modules\firebase-tools\node_modules\winston-transport\node_modules\readable-stream\lib\_stream_writable.js:390:139)
[error] 
[error] Error: An unexpected error has occurred.
[debug] [2025-06-19T03:01:44.072Z] Error: write EPIPE
    at afterWriteDispatched (node:internal/stream_base_commons:159:15)
    at writeGeneric (node:internal/stream_base_commons:150:3)
    at Socket._writeGeneric (node:net:971:11)
    at Socket._write (node:net:983:8)
    at writeOrBuffer (node:internal/streams/writable:572:12)
    at _write (node:internal/streams/writable:501:10)
    at Writable.write (node:internal/streams/writable:510:10)
    at Console.log (C:\Users\User\AppData\Roaming\npm\node_modules\firebase-tools\node_modules\winston\lib\winston\transports\console.js:87:23)
    at Console._write (C:\Users\User\AppData\Roaming\npm\node_modules\firebase-tools\node_modules\winston-transport\modern.js:103:17)
    at doWrite (C:\Users\User\AppData\Roaming\npm\node_modules\firebase-tools\node_modules\winston-transport\node_modules\readable-stream\lib\_stream_writable.js:390:139)
[error] 
[error] Error: An unexpected error has occurred.
[debug] [2025-06-19T03:01:44.074Z] Error: write EPIPE
    at afterWriteDispatched (node:internal/stream_base_commons:159:15)
    at writeGeneric (node:internal/stream_base_commons:150:3)
    at Socket._writeGeneric (node:net:971:11)
    at Socket._write (node:net:983:8)
    at writeOrBuffer (node:internal/streams/writable:572:12)
    at _write (node:internal/streams/writable:501:10)
    at Writable.write (node:internal/streams/writable:510:10)
    at Console.log (C:\Users\User\AppData\Roaming\npm\node_modules\firebase-tools\node_modules\winston\lib\winston\transports\console.js:87:23)
    at Console._write (C:\Users\User\AppData\Roaming\npm\node_modules\firebase-tools\node_modules\winston-transport\modern.js:103:17)
    at doWrite (C:\Users\User\AppData\Roaming\npm\node_modules\firebase-tools\node_modules\winston-transport\node_modules\readable-stream\lib\_stream_writable.js:390:139)
[error] 
[error] Error: An unexpected error has occurred.
[debug] [2025-06-19T03:01:44.075Z] Error: write EPIPE
    at afterWriteDispatched (node:internal/stream_base_commons:159:15)
    at writeGeneric (node:internal/stream_base_commons:150:3)
    at Socket._writeGeneric (node:net:971:11)
    at Socket._write (node:net:983:8)
    at writeOrBuffer (node:internal/streams/writable:572:12)
    at _write (node:internal/streams/writable:501:10)
    at Writable.write (node:internal/streams/writable:510:10)
    at Console.log (C:\Users\User\AppData\Roaming\npm\node_modules\firebase-tools\node_modules\winston\lib\winston\transports\console.js:87:23)
    at Console._write (C:\Users\User\AppData\Roaming\npm\node_modules\firebase-tools\node_modules\winston-transport\modern.js:103:17)
    at doWrite (C:\Users\User\AppData\Roaming\npm\node_modules\firebase-tools\node_modules\winston-transport\node_modules\readable-stream\lib\_stream_writable.js:390:139)
[error] 
[error] Error: An unexpected error has occurred.
[debug] [2025-06-19T03:01:44.077Z] Error: write EPIPE
    at afterWriteDispatched (node:internal/stream_base_commons:159:15)
    at writeGeneric (node:internal/stream_base_commons:150:3)
    at Socket._writeGeneric (node:net:971:11)
    at Socket._write (node:net:983:8)
    at writeOrBuffer (node:internal/streams/writable:572:12)
    at _write (node:internal/streams/writable:501:10)
    at Writable.write (node:internal/streams/writable:510:10)
    at Console.log (C:\Users\User\AppData\Roaming\npm\node_modules\firebase-tools\node_modules\winston\lib\winston\transports\console.js:87:23)
    at Console._write (C:\Users\User\AppData\Roaming\npm\node_modules\firebase-tools\node_modules\winston-transport\modern.js:103:17)
    at doWrite (C:\Users\User\AppData\Roaming\npm\node_modules\firebase-tools\node_modules\winston-transport\node_modules\readable-stream\lib\_stream_writable.js:390:139)
[error] 
[error] Error: An unexpected error has occurred.
[debug] [2025-06-19T03:01:44.078Z] Error: write EPIPE
    at afterWriteDispatched (node:internal/stream_base_commons:159:15)
    at writeGeneric (node:internal/stream_base_commons:150:3)
    at Socket._writeGeneric (node:net:971:11)
    at Socket._write (node:net:983:8)
    at writeOrBuffer (node:internal/streams/writable:572:12)
    at _write (node:internal/streams/writable:501:10)
    at Writable.write (node:internal/streams/writable:510:10)
    at Console.log (C:\Users\User\AppData\Roaming\npm\node_modules\firebase-tools\node_modules\winston\lib\winston\transports\console.js:87:23)
    at Console._write (C:\Users\User\AppData\Roaming\npm\node_modules\firebase-tools\node_modules\winston-transport\modern.js:103:17)
    at doWrite (C:\Users\User\AppData\Roaming\npm\node_modules\firebase-tools\node_modules\winston-transport\node_modules\readable-stream\lib\_stream_writable.js:390:139)
[error] 
[error] Error: An unexpected error has occurred.
[debug] [2025-06-19T03:01:44.092Z] Error: write EPIPE
    at afterWriteDispatched (node:internal/stream_base_commons:159:15)
    at writeGeneric (node:internal/stream_base_commons:150:3)
    at Socket._writeGeneric (node:net:971:11)
    at Socket._write (node:net:983:8)
    at writeOrBuffer (node:internal/streams/writable:572:12)
    at _write (node:internal/streams/writable:501:10)
    at Writable.write (node:internal/streams/writable:510:10)
    at Console.log (C:\Users\User\AppData\Roaming\npm\node_modules\firebase-tools\node_modules\winston\lib\winston\transports\console.js:87:23)
    at Console._write (C:\Users\User\AppData\Roaming\npm\node_modules\firebase-tools\node_modules\winston-transport\modern.js:103:17)
    at doWrite (C:\Users\User\AppData\Roaming\npm\node_modules\firebase-tools\node_modules\winston-transport\node_modules\readable-stream\lib\_stream_writable.js:390:139)
[error] 
[error] Error: An unexpected error has occurred.
[debug] [2025-06-19T03:01:44.111Z] Error: write EPIPE
    at afterWriteDispatched (node:internal/stream_base_commons:159:15)
    at writeGeneric (node:internal/stream_base_commons:150:3)
    at Socket._writeGeneric (node:net:971:11)
    at Socket._write (node:net:983:8)
    at writeOrBuffer (node:internal/streams/writable:572:12)
    at _write (node:internal/streams/writable:501:10)
    at Writable.write (node:internal/streams/writable:510:10)
    at Console.log (C:\Users\User\AppData\Roaming\npm\node_modules\firebase-tools\node_modules\winston\lib\winston\transports\console.js:87:23)
    at Console._write (C:\Users\User\AppData\Roaming\npm\node_modules\firebase-tools\node_modules\winston-transport\modern.js:103:17)
    at doWrite (C:\Users\User\AppData\Roaming\npm\node_modules\firebase-tools\node_modules\winston-transport\node_modules\readable-stream\lib\_stream_writable.js:390:139)
[debug] [2025-06-22T09:36:38.679Z] ----------------------------------------------------------------------
[debug] [2025-06-22T09:36:38.699Z] Command:       C:\Program Files\nodejs\node.exe C:\Users\User\AppData\Roaming\npm\node_modules\firebase-tools\lib\bin\firebase.js emulators:start
[debug] [2025-06-22T09:36:38.700Z] CLI Version:   13.32.0
[debug] [2025-06-22T09:36:38.702Z] Platform:      win32
[debug] [2025-06-22T09:36:38.702Z] Node Version:  v22.14.0
[debug] [2025-06-22T09:36:38.705Z] Time:          Sun Jun 22 2025 17:36:38 GMT+0800 (China Standard Time)
[debug] [2025-06-22T09:36:38.706Z] ----------------------------------------------------------------------
[debug] 
[debug] [2025-06-22T09:36:38.723Z] >>> [apiv2][query] GET https://firebase-public.firebaseio.com/cli.json [none]
[debug] [2025-06-22T09:36:39.849Z] > command requires scopes: ["email","openid","https://www.googleapis.com/auth/cloudplatformprojects.readonly","https://www.googleapis.com/auth/firebase","https://www.googleapis.com/auth/cloud-platform"]
[debug] [2025-06-22T09:36:39.850Z] > authorizing via signed-in user (garciarollie827@gmail.com)
[debug] [2025-06-22T09:36:40.807Z] <<< [apiv2][status] GET https://firebase-public.firebaseio.com/cli.json 200
[debug] [2025-06-22T09:36:40.808Z] <<< [apiv2][body] GET https://firebase-public.firebaseio.com/cli.json {"cloudBuildErrorAfter":1594252800000,"cloudBuildWarnAfter":1590019200000,"defaultNode10After":1594252800000,"minVersion":"3.0.5","node8DeploysDisabledAfter":1613390400000,"node8RuntimeDisabledAfter":1615809600000,"node8WarnAfter":1600128000000}
[debug] [2025-06-22T09:36:55.082Z] java version "24" 2025-03-18

[debug] [2025-06-22T09:36:55.085Z] Java(TM) SE Runtime Environment (build 24+36-3646)

[debug] [2025-06-22T09:36:55.088Z] Java HotSpot(TM) 64-Bit Server VM (build 24+36-3646, mixed mode, sharing)

[debug] [2025-06-22T09:36:56.891Z] Parsed Java major version: 24
[info] i  emulators: Starting emulators: auth, firestore, storage {"metadata":{"emulator":{"name":"hub"},"message":"Starting emulators: auth, firestore, storage"}}
[debug] [2025-06-22T09:36:56.955Z] [logging] Logging Emulator only supports listening on one address (127.0.0.1). Not listening on ::1
[debug] [2025-06-22T09:36:56.956Z] [auth] Authentication Emulator only supports listening on one address (127.0.0.1). Not listening on ::1
[debug] [2025-06-22T09:36:56.956Z] [firestore] Firestore Emulator only supports listening on one address (127.0.0.1). Not listening on ::1
[debug] [2025-06-22T09:36:56.956Z] [firestore.websocket] websocket server for firestore only supports listening on one address (127.0.0.1). Not listening on ::1
[debug] [2025-06-22T09:36:56.956Z] [storage] Storage Emulator only supports listening on one address (127.0.0.1). Not listening on ::1
[debug] [2025-06-22T09:36:56.956Z] assigned listening specs for emulators {"user":{"hub":[{"address":"127.0.0.1","family":"IPv4","port":4400},{"address":"::1","family":"IPv6","port":4400}],"ui":[{"address":"127.0.0.1","family":"IPv4","port":4000},{"address":"::1","family":"IPv6","port":4000}],"logging":[{"address":"127.0.0.1","family":"IPv4","port":4500}],"auth":[{"address":"127.0.0.1","family":"IPv4","port":9099}],"firestore":[{"address":"127.0.0.1","family":"IPv4","port":8080}],"firestore.websocket":[{"address":"127.0.0.1","family":"IPv4","port":9150}],"storage":[{"address":"127.0.0.1","family":"IPv4","port":9199}]},"metadata":{"message":"assigned listening specs for emulators"}}
[warn] !  emulators: It seems that you are running multiple instances of the emulator suite for project prototypes-88893. This may result in unexpected behavior. 
[debug] [2025-06-22T09:36:56.970Z] [hub] writing locator at C:\Users\User\AppData\Local\Temp\hub-prototypes-88893.json
[debug] [2025-06-22T09:36:56.997Z] Ignoring unsupported arg: auto_download {"metadata":{"emulator":{"name":"firestore"},"message":"Ignoring unsupported arg: auto_download"}}
[debug] [2025-06-22T09:36:56.997Z] Ignoring unsupported arg: single_project_mode_error {"metadata":{"emulator":{"name":"firestore"},"message":"Ignoring unsupported arg: single_project_mode_error"}}
[debug] [2025-06-22T09:36:56.997Z] Starting Firestore Emulator with command {"binary":"java","args":["-Dgoogle.cloud_firestore.debug_log_level=FINE","-Duser.language=en","-jar","C:\\Users\\User\\.cache\\firebase\\emulators\\cloud-firestore-emulator-v1.19.8.jar","--host","127.0.0.1","--port",8080,"--websocket_port",9150,"--project_id","prototypes-88893","--rules","D:\\Prog Projects\\Siso\\siso\\firestore.rules","--single_project_mode",true],"optionalArgs":["port","webchannel_port","host","rules","websocket_port","functions_emulator","seed_from_export","project_id","single_project_mode"],"joinArgs":false,"shell":false,"port":8080} {"metadata":{"emulator":{"name":"firestore"},"message":"Starting Firestore Emulator with command {\"binary\":\"java\",\"args\":[\"-Dgoogle.cloud_firestore.debug_log_level=FINE\",\"-Duser.language=en\",\"-jar\",\"C:\\\\Users\\\\User\\\\.cache\\\\firebase\\\\emulators\\\\cloud-firestore-emulator-v1.19.8.jar\",\"--host\",\"127.0.0.1\",\"--port\",8080,\"--websocket_port\",9150,\"--project_id\",\"prototypes-88893\",\"--rules\",\"D:\\\\Prog Projects\\\\Siso\\\\siso\\\\firestore.rules\",\"--single_project_mode\",true],\"optionalArgs\":[\"port\",\"webchannel_port\",\"host\",\"rules\",\"websocket_port\",\"functions_emulator\",\"seed_from_export\",\"project_id\",\"single_project_mode\"],\"joinArgs\":false,\"shell\":false,\"port\":8080}"}}
[info] i  firestore: Firestore Emulator logging to firestore-debug.log {"metadata":{"emulator":{"name":"firestore"},"message":"Firestore Emulator logging to \u001b[1mfirestore-debug.log\u001b[22m"}}
[info] +  firestore: Firestore Emulator UI websocket is running on 9150. {"metadata":{"emulator":{"name":"firestore"},"message":"Firestore Emulator UI websocket is running on 9150."}}
[debug] [2025-06-22T09:37:35.048Z] Ignoring unsupported arg: port {"metadata":{"emulator":{"name":"storage"},"message":"Ignoring unsupported arg: port"}}
[warn] !  Unexpected rules runtime error: WARNING: A terminally deprecated method in sun.misc.Unsafe has been called
WARNING: sun.misc.Unsafe::arrayBaseOffset has been called by com.google.protobuf.UnsafeUtil$MemoryAccessor (file:/C:/Users/User/.cache/firebase/emulators/cloud-storage-rules-runtime-v1.1.3.jar)
WARNING: Please consider reporting this to the maintainers of class com.google.protobuf.UnsafeUtil$MemoryAccessor
WARNING: sun.misc.Unsafe::arrayBaseOffset will be removed in a future release
 {"metadata":{"emulator":{"name":"storage"},"message":"Unexpected rules runtime error: WARNING: A terminally deprecated method in sun.misc.Unsafe has been called\nWARNING: sun.misc.Unsafe::arrayBaseOffset has been called by com.google.protobuf.UnsafeUtil$MemoryAccessor (file:/C:/Users/User/.cache/firebase/emulators/cloud-storage-rules-runtime-v1.1.3.jar)\nWARNING: Please consider reporting this to the maintainers of class com.google.protobuf.UnsafeUtil$MemoryAccessor\nWARNING: sun.misc.Unsafe::arrayBaseOffset will be removed in a future release\r\n"}}
[debug] [2025-06-22T09:37:48.872Z] Temp file directory for storage emulator: C:\Users\User\AppData\Local\Temp/firebase/storage/blobs {"metadata":{"emulator":{"name":"storage"},"message":"Temp file directory for storage emulator: C:\\Users\\User\\AppData\\Local\\Temp/firebase/storage/blobs"}}
[debug] [2025-06-22T09:37:49.150Z] Could not find VSCode notification endpoint: FetchError: request to http://localhost:40001/vscode/notify failed, reason: . If you are not running the Firebase Data Connect VSCode extension, this is expected and not an issue.
[info] 
┌─────────────────────────────────────────────────────────────┐
│ ✔  All emulators ready! It is now safe to connect your app. │
│ i  View Emulator UI at http://127.0.0.1:4000/               │
└─────────────────────────────────────────────────────────────┘

┌────────────────┬────────────────┬─────────────────────────────────┐
│ Emulator       │ Host:Port      │ View in Emulator UI             │
├────────────────┼────────────────┼─────────────────────────────────┤
│ Authentication │ 127.0.0.1:9099 │ http://127.0.0.1:4000/auth      │
├────────────────┼────────────────┼─────────────────────────────────┤
│ Firestore      │ 127.0.0.1:8080 │ http://127.0.0.1:4000/firestore │
├────────────────┼────────────────┼─────────────────────────────────┤
│ Storage        │ 127.0.0.1:9199 │ http://127.0.0.1:4000/storage   │
└────────────────┴────────────────┴─────────────────────────────────┘
  Emulator Hub host: 127.0.0.1 port: 4400
  Other reserved ports: 4500, 9150

Issues? Report them at https://github.com/firebase/firebase-tools/issues and attach the *-debug.log files.
 
[debug] [2025-06-22T09:47:19.796Z] Checked if tokens are valid: false, expires at: 1749888061485
[debug] [2025-06-22T09:47:19.840Z] Checked if tokens are valid: false, expires at: 1749888061485
[debug] [2025-06-22T09:47:19.852Z] > refreshing access token with scopes: []
[debug] [2025-06-22T09:47:19.916Z] >>> [apiv2][query] POST https://www.googleapis.com/oauth2/v3/token [none]
[debug] [2025-06-22T09:47:19.917Z] >>> [apiv2][body] POST https://www.googleapis.com/oauth2/v3/token [omitted]
[debug] [2025-06-22T09:47:24.283Z] <<< [apiv2][status] POST https://www.googleapis.com/oauth2/v3/token 200
[debug] [2025-06-22T09:47:24.284Z] <<< [apiv2][body] POST https://www.googleapis.com/oauth2/v3/token [omitted]
[debug] [2025-06-22T09:47:24.353Z] >>> [apiv2][query] GET https://firebase.googleapis.com/v1beta1/projects/prototypes-88893/adminSdkConfig [none]
[debug] [2025-06-22T09:47:26.780Z] <<< [apiv2][status] GET https://firebase.googleapis.com/v1beta1/projects/prototypes-88893/adminSdkConfig 200
[debug] [2025-06-22T09:47:26.781Z] <<< [apiv2][body] GET https://firebase.googleapis.com/v1beta1/projects/prototypes-88893/adminSdkConfig {"projectId":"prototypes-88893","storageBucket":"prototypes-88893.firebasestorage.app"}
